{"C:\\Users\\Jeswin Philip\\OneDrive\\Desktop\\react\\src\\components\\Body.js": {"path":"C:\\Users\\Jeswin Philip\\OneDrive\\Desktop\\react\\src\\components\\Body.js","statementMap":{"0":{"start":{"line":8,"column":13},"end":{"line":113,"column":1}},"1":{"start":{"line":10,"column":52},"end":{"line":10,"column":64}},"2":{"start":{"line":11,"column":54},"end":{"line":11,"column":66}},"3":{"start":{"line":13,"column":38},"end":{"line":13,"column":50}},"4":{"start":{"line":16,"column":2},"end":{"line":16,"column":50}},"5":{"start":{"line":18,"column":2},"end":{"line":20,"column":9}},"6":{"start":{"line":19,"column":4},"end":{"line":19,"column":16}},"7":{"start":{"line":22,"column":20},"end":{"line":36,"column":3}},"8":{"start":{"line":23,"column":17},"end":{"line":25,"column":5}},"9":{"start":{"line":27,"column":17},"end":{"line":27,"column":34}},"10":{"start":{"line":30,"column":4},"end":{"line":32,"column":6}},"11":{"start":{"line":33,"column":4},"end":{"line":35,"column":6}},"12":{"start":{"line":37,"column":23},"end":{"line":37,"column":40}},"13":{"start":{"line":39,"column":2},"end":{"line":45,"column":3}},"14":{"start":{"line":40,"column":4},"end":{"line":44,"column":6}},"15":{"start":{"line":46,"column":40},"end":{"line":46,"column":63}},"16":{"start":{"line":48,"column":2},"end":{"line":112,"column":4}},"17":{"start":{"line":61,"column":14},"end":{"line":61,"column":44}},"18":{"start":{"line":69,"column":14},"end":{"line":69,"column":38}},"19":{"start":{"line":71,"column":41},"end":{"line":73,"column":15}},"20":{"start":{"line":72,"column":16},"end":{"line":72,"column":78}},"21":{"start":{"line":75,"column":14},"end":{"line":75,"column":56}},"22":{"start":{"line":84,"column":33},"end":{"line":86,"column":13}},"23":{"start":{"line":85,"column":23},"end":{"line":85,"column":47}},"24":{"start":{"line":87,"column":12},"end":{"line":87,"column":48}},"25":{"start":{"line":97,"column":29},"end":{"line":97,"column":56}},"26":{"start":{"line":103,"column":10},"end":{"line":108,"column":17}}},"fnMap":{"0":{"name":"(anonymous_0)","decl":{"start":{"line":8,"column":13},"end":{"line":8,"column":14}},"loc":{"start":{"line":8,"column":19},"end":{"line":113,"column":1}},"line":8},"1":{"name":"(anonymous_1)","decl":{"start":{"line":18,"column":12},"end":{"line":18,"column":13}},"loc":{"start":{"line":18,"column":18},"end":{"line":20,"column":3}},"line":18},"2":{"name":"(anonymous_2)","decl":{"start":{"line":22,"column":20},"end":{"line":22,"column":21}},"loc":{"start":{"line":22,"column":32},"end":{"line":36,"column":3}},"line":22},"3":{"name":"(anonymous_3)","decl":{"start":{"line":60,"column":22},"end":{"line":60,"column":23}},"loc":{"start":{"line":60,"column":29},"end":{"line":62,"column":13}},"line":60},"4":{"name":"(anonymous_4)","decl":{"start":{"line":66,"column":21},"end":{"line":66,"column":22}},"loc":{"start":{"line":66,"column":27},"end":{"line":76,"column":13}},"line":66},"5":{"name":"(anonymous_5)","decl":{"start":{"line":71,"column":66},"end":{"line":71,"column":67}},"loc":{"start":{"line":72,"column":16},"end":{"line":72,"column":78}},"line":72},"6":{"name":"(anonymous_6)","decl":{"start":{"line":83,"column":19},"end":{"line":83,"column":20}},"loc":{"start":{"line":83,"column":25},"end":{"line":88,"column":11}},"line":83},"7":{"name":"(anonymous_7)","decl":{"start":{"line":85,"column":14},"end":{"line":85,"column":15}},"loc":{"start":{"line":85,"column":23},"end":{"line":85,"column":47}},"line":85},"8":{"name":"(anonymous_8)","decl":{"start":{"line":97,"column":22},"end":{"line":97,"column":23}},"loc":{"start":{"line":97,"column":29},"end":{"line":97,"column":56}},"line":97},"9":{"name":"(anonymous_9)","decl":{"start":{"line":102,"column":32},"end":{"line":102,"column":33}},"loc":{"start":{"line":103,"column":10},"end":{"line":108,"column":17}},"line":103}},"branchMap":{"0":{"loc":{"start":{"line":39,"column":2},"end":{"line":45,"column":3}},"type":"if","locations":[{"start":{"line":39,"column":2},"end":{"line":45,"column":3}},{"start":{},"end":{}}],"line":39},"1":{"loc":{"start":{"line":48,"column":9},"end":{"line":112,"column":3}},"type":"cond-expr","locations":[{"start":{"line":49,"column":4},"end":{"line":49,"column":15}},{"start":{"line":51,"column":4},"end":{"line":111,"column":10}}],"line":48}},"s":{"0":1,"1":2,"2":2,"3":2,"4":2,"5":2,"6":2,"7":2,"8":2,"9":2,"10":2,"11":0,"12":2,"13":2,"14":0,"15":2,"16":2,"17":0,"18":0,"19":0,"20":0,"21":0,"22":0,"23":0,"24":0,"25":0,"26":0},"f":{"0":2,"1":2,"2":2,"3":0,"4":0,"5":0,"6":0,"7":0,"8":0,"9":0},"b":{"0":[0,2],"1":[2,0]},"_coverageSchema":"1a1c01bbd47fc00a2c39e90264f33305004495a9","hash":"6a82b4c07e81acbac7429ca23dc4b1284dbc0f21"}
,"C:\\Users\\Jeswin Philip\\OneDrive\\Desktop\\react\\src\\components\\Cart.js": {"path":"C:\\Users\\Jeswin Philip\\OneDrive\\Desktop\\react\\src\\components\\Cart.js","statementMap":{"0":{"start":{"line":5,"column":13},"end":{"line":28,"column":1}},"1":{"start":{"line":6,"column":20},"end":{"line":6,"column":60}},"2":{"start":{"line":6,"column":43},"end":{"line":6,"column":59}},"3":{"start":{"line":7,"column":19},"end":{"line":7,"column":32}},"4":{"start":{"line":8,"column":26},"end":{"line":10,"column":3}},"5":{"start":{"line":9,"column":4},"end":{"line":9,"column":26}},"6":{"start":{"line":11,"column":2},"end":{"line":27,"column":4}}},"fnMap":{"0":{"name":"(anonymous_0)","decl":{"start":{"line":5,"column":13},"end":{"line":5,"column":14}},"loc":{"start":{"line":5,"column":19},"end":{"line":28,"column":1}},"line":5},"1":{"name":"(anonymous_1)","decl":{"start":{"line":6,"column":32},"end":{"line":6,"column":33}},"loc":{"start":{"line":6,"column":43},"end":{"line":6,"column":59}},"line":6},"2":{"name":"(anonymous_2)","decl":{"start":{"line":8,"column":26},"end":{"line":8,"column":27}},"loc":{"start":{"line":8,"column":32},"end":{"line":10,"column":3}},"line":8}},"branchMap":{"0":{"loc":{"start":{"line":21,"column":9},"end":{"line":23,"column":9}},"type":"binary-expr","locations":[{"start":{"line":21,"column":9},"end":{"line":21,"column":32}},{"start":{"line":22,"column":10},"end":{"line":22,"column":57}}],"line":21}},"s":{"0":1,"1":1,"2":2,"3":1,"4":1,"5":0,"6":1},"f":{"0":1,"1":2,"2":0},"b":{"0":[1,1]},"_coverageSchema":"1a1c01bbd47fc00a2c39e90264f33305004495a9","hash":"65d09de25132660b969b0aa6f73d9a9598d0d020"}
,"C:\\Users\\Jeswin Philip\\OneDrive\\Desktop\\react\\src\\components\\Contact.js": {"path":"C:\\Users\\Jeswin Philip\\OneDrive\\Desktop\\react\\src\\components\\Contact.js","statementMap":{"0":{"start":{"line":1,"column":16},"end":{"line":22,"column":1}},"1":{"start":{"line":2,"column":2},"end":{"line":21,"column":4}}},"fnMap":{"0":{"name":"(anonymous_0)","decl":{"start":{"line":1,"column":16},"end":{"line":1,"column":17}},"loc":{"start":{"line":1,"column":22},"end":{"line":22,"column":1}},"line":1}},"branchMap":{},"s":{"0":1,"1":4},"f":{"0":4},"b":{},"_coverageSchema":"1a1c01bbd47fc00a2c39e90264f33305004495a9","hash":"f1ed8dc5fc2a5a19b44d1cc0e85d10c7c4610d3b"}
,"C:\\Users\\Jeswin Philip\\OneDrive\\Desktop\\react\\src\\components\\Header.js": {"path":"C:\\Users\\Jeswin Philip\\OneDrive\\Desktop\\react\\src\\components\\Header.js","statementMap":{"0":{"start":{"line":8,"column":15},"end":{"line":57,"column":1}},"1":{"start":{"line":9,"column":42},"end":{"line":9,"column":59}},"2":{"start":{"line":10,"column":23},"end":{"line":10,"column":40}},"3":{"start":{"line":12,"column":27},"end":{"line":12,"column":50}},"4":{"start":{"line":15,"column":20},"end":{"line":15,"column":60}},"5":{"start":{"line":15,"column":43},"end":{"line":15,"column":59}},"6":{"start":{"line":18,"column":2},"end":{"line":56,"column":4}},"7":{"start":{"line":45,"column":14},"end":{"line":47,"column":43}}},"fnMap":{"0":{"name":"(anonymous_0)","decl":{"start":{"line":8,"column":15},"end":{"line":8,"column":16}},"loc":{"start":{"line":8,"column":21},"end":{"line":57,"column":1}},"line":8},"1":{"name":"(anonymous_1)","decl":{"start":{"line":15,"column":32},"end":{"line":15,"column":33}},"loc":{"start":{"line":15,"column":43},"end":{"line":15,"column":59}},"line":15},"2":{"name":"(anonymous_2)","decl":{"start":{"line":44,"column":21},"end":{"line":44,"column":22}},"loc":{"start":{"line":44,"column":27},"end":{"line":48,"column":13}},"line":44}},"branchMap":{"0":{"loc":{"start":{"line":26,"column":47},"end":{"line":26,"column":73}},"type":"cond-expr","locations":[{"start":{"line":26,"column":62},"end":{"line":26,"column":66}},{"start":{"line":26,"column":69},"end":{"line":26,"column":73}}],"line":26},"1":{"loc":{"start":{"line":45,"column":14},"end":{"line":47,"column":42}},"type":"cond-expr","locations":[{"start":{"line":46,"column":18},"end":{"line":46,"column":43}},{"start":{"line":47,"column":18},"end":{"line":47,"column":42}}],"line":45}},"s":{"0":2,"1":6,"2":6,"3":6,"4":6,"5":11,"6":6,"7":1},"f":{"0":6,"1":11,"2":1},"b":{"0":[6,0],"1":[1,0]},"_coverageSchema":"1a1c01bbd47fc00a2c39e90264f33305004495a9","hash":"cff55ee076f9d90fc69a6bb156db17b49673cd5b"}
,"C:\\Users\\Jeswin Philip\\OneDrive\\Desktop\\react\\src\\components\\ItemList.js": {"path":"C:\\Users\\Jeswin Philip\\OneDrive\\Desktop\\react\\src\\components\\ItemList.js","statementMap":{"0":{"start":{"line":4,"column":17},"end":{"line":46,"column":1}},"1":{"start":{"line":5,"column":19},"end":{"line":5,"column":32}},"2":{"start":{"line":7,"column":24},"end":{"line":10,"column":3}},"3":{"start":{"line":9,"column":4},"end":{"line":9,"column":28}},"4":{"start":{"line":11,"column":2},"end":{"line":45,"column":4}},"5":{"start":{"line":14,"column":8},"end":{"line":42,"column":14}},"6":{"start":{"line":35,"column":31},"end":{"line":35,"column":50}}},"fnMap":{"0":{"name":"(anonymous_0)","decl":{"start":{"line":4,"column":17},"end":{"line":4,"column":18}},"loc":{"start":{"line":4,"column":39},"end":{"line":46,"column":1}},"line":4},"1":{"name":"(anonymous_1)","decl":{"start":{"line":7,"column":24},"end":{"line":7,"column":25}},"loc":{"start":{"line":7,"column":34},"end":{"line":10,"column":3}},"line":7},"2":{"name":"(anonymous_2)","decl":{"start":{"line":13,"column":17},"end":{"line":13,"column":18}},"loc":{"start":{"line":14,"column":8},"end":{"line":42,"column":14}},"line":14},"3":{"name":"(anonymous_3)","decl":{"start":{"line":35,"column":25},"end":{"line":35,"column":26}},"loc":{"start":{"line":35,"column":31},"end":{"line":35,"column":50}},"line":35}},"branchMap":{"0":{"loc":{"start":{"line":24,"column":17},"end":{"line":26,"column":53}},"type":"cond-expr","locations":[{"start":{"line":25,"column":20},"end":{"line":25,"column":46}},{"start":{"line":26,"column":20},"end":{"line":26,"column":53}}],"line":24}},"s":{"0":1,"1":1,"2":1,"3":0,"4":1,"5":0,"6":0},"f":{"0":1,"1":0,"2":0,"3":0},"b":{"0":[0,0]},"_coverageSchema":"1a1c01bbd47fc00a2c39e90264f33305004495a9","hash":"5e9d241e73e81cf64ed87e6e94d67c043cb071c6"}
,"C:\\Users\\Jeswin Philip\\OneDrive\\Desktop\\react\\src\\components\\RestaurantCard.js": {"path":"C:\\Users\\Jeswin Philip\\OneDrive\\Desktop\\react\\src\\components\\RestaurantCard.js","statementMap":{"0":{"start":{"line":3,"column":23},"end":{"line":28,"column":1}},"1":{"start":{"line":4,"column":22},"end":{"line":4,"column":27}},"2":{"start":{"line":7,"column":4},"end":{"line":7,"column":17}},"3":{"start":{"line":9,"column":24},"end":{"line":9,"column":41}},"4":{"start":{"line":11,"column":2},"end":{"line":27,"column":4}}},"fnMap":{"0":{"name":"(anonymous_0)","decl":{"start":{"line":3,"column":23},"end":{"line":3,"column":24}},"loc":{"start":{"line":3,"column":34},"end":{"line":28,"column":1}},"line":3}},"branchMap":{},"s":{"0":1,"1":0,"2":0,"3":0,"4":0},"f":{"0":0},"b":{},"_coverageSchema":"1a1c01bbd47fc00a2c39e90264f33305004495a9","hash":"c751b28173907e5e729c9a56f9b24d3ea4a902ff"}
,"C:\\Users\\Jeswin Philip\\OneDrive\\Desktop\\react\\src\\components\\RestaurantMenu.js": {"path":"C:\\Users\\Jeswin Philip\\OneDrive\\Desktop\\react\\src\\components\\RestaurantMenu.js","statementMap":{"0":{"start":{"line":6,"column":23},"end":{"line":49,"column":1}},"1":{"start":{"line":7,"column":20},"end":{"line":7,"column":31}},"2":{"start":{"line":8,"column":16},"end":{"line":8,"column":28}},"3":{"start":{"line":9,"column":18},"end":{"line":9,"column":42}},"4":{"start":{"line":10,"column":36},"end":{"line":10,"column":50}},"5":{"start":{"line":12,"column":2},"end":{"line":12,"column":31}},"6":{"start":{"line":12,"column":24},"end":{"line":12,"column":31}},"7":{"start":{"line":13,"column":2},"end":{"line":13,"column":14}},"8":{"start":{"line":16,"column":4},"end":{"line":16,"column":39}},"9":{"start":{"line":19,"column":4},"end":{"line":19,"column":79}},"10":{"start":{"line":20,"column":2},"end":{"line":20,"column":76}},"11":{"start":{"line":23,"column":4},"end":{"line":27,"column":5}},"12":{"start":{"line":25,"column":8},"end":{"line":26,"column":70}},"13":{"start":{"line":28,"column":2},"end":{"line":28,"column":26}},"14":{"start":{"line":30,"column":2},"end":{"line":48,"column":4}},"15":{"start":{"line":39,"column":8},"end":{"line":45,"column":10}},"16":{"start":{"line":43,"column":30},"end":{"line":43,"column":49}}},"fnMap":{"0":{"name":"(anonymous_0)","decl":{"start":{"line":6,"column":23},"end":{"line":6,"column":24}},"loc":{"start":{"line":6,"column":29},"end":{"line":49,"column":1}},"line":6},"1":{"name":"(anonymous_1)","decl":{"start":{"line":24,"column":6},"end":{"line":24,"column":7}},"loc":{"start":{"line":25,"column":8},"end":{"line":26,"column":70}},"line":25},"2":{"name":"(anonymous_2)","decl":{"start":{"line":37,"column":22},"end":{"line":37,"column":23}},"loc":{"start":{"line":39,"column":8},"end":{"line":45,"column":10}},"line":39},"3":{"name":"(anonymous_3)","decl":{"start":{"line":43,"column":24},"end":{"line":43,"column":25}},"loc":{"start":{"line":43,"column":30},"end":{"line":43,"column":49}},"line":43}},"branchMap":{"0":{"loc":{"start":{"line":12,"column":2},"end":{"line":12,"column":31}},"type":"if","locations":[{"start":{"line":12,"column":2},"end":{"line":12,"column":31}},{"start":{},"end":{}}],"line":12},"1":{"loc":{"start":{"line":42,"column":21},"end":{"line":42,"column":55}},"type":"cond-expr","locations":[{"start":{"line":42,"column":43},"end":{"line":42,"column":47}},{"start":{"line":42,"column":50},"end":{"line":42,"column":55}}],"line":42}},"s":{"0":1,"1":6,"2":5,"3":5,"4":5,"5":5,"6":1,"7":4,"8":4,"9":4,"10":0,"11":0,"12":0,"13":0,"14":0,"15":0,"16":0},"f":{"0":6,"1":0,"2":0,"3":0},"b":{"0":[1,4],"1":[0,0]},"_coverageSchema":"1a1c01bbd47fc00a2c39e90264f33305004495a9","hash":"dcecb87bdbe41fa4b64810ab36bdc60db0dd7f21"}
,"C:\\Users\\Jeswin Philip\\OneDrive\\Desktop\\react\\src\\utils\\appStore.js": {"path":"C:\\Users\\Jeswin Philip\\OneDrive\\Desktop\\react\\src\\utils\\appStore.js","statementMap":{"0":{"start":{"line":4,"column":17},"end":{"line":8,"column":2}}},"fnMap":{},"branchMap":{},"s":{"0":2},"f":{},"b":{},"_coverageSchema":"1a1c01bbd47fc00a2c39e90264f33305004495a9","hash":"d083695e5cd9269d72d57302b0898af13239fc17"}
}
