TN:
SF:src\components\Body.js
FN:8,(anonymous_0)
FN:18,(anonymous_1)
FN:22,(anonymous_2)
FN:60,(anonymous_3)
FN:66,(anonymous_4)
FN:71,(anonymous_5)
FN:83,(anonymous_6)
FN:85,(anonymous_7)
FN:97,(anonymous_8)
FN:102,(anonymous_9)
FNF:10
FNH:3
FNDA:2,(anonymous_0)
FNDA:2,(anonymous_1)
FNDA:2,(anonymous_2)
FNDA:0,(anonymous_3)
FNDA:0,(anonymous_4)
FNDA:0,(anonymous_5)
FNDA:0,(anonymous_6)
FNDA:0,(anonymous_7)
FNDA:0,(anonymous_8)
FNDA:0,(anonymous_9)
DA:8,1
DA:10,2
DA:11,2
DA:13,2
DA:16,2
DA:18,2
DA:19,2
DA:22,2
DA:23,2
DA:27,2
DA:30,2
DA:33,0
DA:37,2
DA:39,2
DA:40,0
DA:46,2
DA:48,2
DA:61,0
DA:69,0
DA:71,0
DA:72,0
DA:75,0
DA:84,0
DA:85,0
DA:87,0
DA:97,0
DA:103,0
LF:27
LH:15
BRDA:39,0,0,0
BRDA:39,0,1,2
BRDA:48,1,0,2
BRDA:48,1,1,0
BRF:4
BRH:2
end_of_record
TN:
SF:src\components\Cart.js
FN:5,(anonymous_0)
FN:6,(anonymous_1)
FN:8,(anonymous_2)
FNF:3
FNH:2
FNDA:1,(anonymous_0)
FNDA:2,(anonymous_1)
FNDA:0,(anonymous_2)
DA:5,1
DA:6,2
DA:7,1
DA:8,1
DA:9,0
DA:11,1
LF:6
LH:5
BRDA:21,0,0,1
BRDA:21,0,1,1
BRF:2
BRH:2
end_of_record
TN:
SF:src\components\Contact.js
FN:1,(anonymous_0)
FNF:1
FNH:1
FNDA:4,(anonymous_0)
DA:1,1
DA:2,4
LF:2
LH:2
BRF:0
BRH:0
end_of_record
TN:
SF:src\components\Header.js
FN:8,(anonymous_0)
FN:15,(anonymous_1)
FN:44,(anonymous_2)
FNF:3
FNH:3
FNDA:6,(anonymous_0)
FNDA:11,(anonymous_1)
FNDA:1,(anonymous_2)
DA:8,2
DA:9,6
DA:10,6
DA:12,6
DA:15,11
DA:18,6
DA:45,1
LF:7
LH:7
BRDA:26,0,0,6
BRDA:26,0,1,0
BRDA:45,1,0,1
BRDA:45,1,1,0
BRF:4
BRH:2
end_of_record
TN:
SF:src\components\ItemList.js
FN:4,(anonymous_0)
FN:7,(anonymous_1)
FN:13,(anonymous_2)
FN:35,(anonymous_3)
FNF:4
FNH:1
FNDA:1,(anonymous_0)
FNDA:0,(anonymous_1)
FNDA:0,(anonymous_2)
FNDA:0,(anonymous_3)
DA:4,1
DA:5,1
DA:7,1
DA:9,0
DA:11,1
DA:14,0
DA:35,0
LF:7
LH:4
BRDA:24,0,0,0
BRDA:24,0,1,0
BRF:2
BRH:0
end_of_record
TN:
SF:src\components\RestaurantCard.js
FN:3,(anonymous_0)
FNF:1
FNH:0
FNDA:0,(anonymous_0)
DA:3,1
DA:4,0
DA:7,0
DA:9,0
DA:11,0
LF:5
LH:1
BRF:0
BRH:0
end_of_record
TN:
SF:src\components\RestaurantMenu.js
FN:6,(anonymous_0)
FN:24,(anonymous_1)
FN:37,(anonymous_2)
FN:43,(anonymous_3)
FNF:4
FNH:1
FNDA:6,(anonymous_0)
FNDA:0,(anonymous_1)
FNDA:0,(anonymous_2)
FNDA:0,(anonymous_3)
DA:6,1
DA:7,6
DA:8,5
DA:9,5
DA:10,5
DA:12,5
DA:13,4
DA:16,4
DA:19,4
DA:20,0
DA:23,0
DA:25,0
DA:28,0
DA:30,0
DA:39,0
DA:43,0
LF:16
LH:9
BRDA:12,0,0,1
BRDA:12,0,1,4
BRDA:42,1,0,0
BRDA:42,1,1,0
BRF:4
BRH:2
end_of_record
TN:
SF:src\utils\appStore.js
FNF:0
FNH:0
DA:4,2
LF:1
LH:1
BRF:0
BRH:0
end_of_record
